<?xml version="1.0" encoding="UTF-8"?>
<testng-results ignored="0" total="1" passed="1" failed="0" skipped="0">
  <reporter-output>
  </reporter-output>
  <suite started-at="2024-11-30T15:47:27 IST" name="Default suite" finished-at="2024-11-30T15:47:27 IST" duration-ms="104">
    <groups>
    </groups>
    <test started-at="2024-11-30T15:47:27 IST" name="Default test" finished-at="2024-11-30T15:47:27 IST" duration-ms="104">
      <class name="javaa.ps1">
        <test-method signature="demoo()[pri:0, instance:javaa.ps1@5119fb47]" started-at="2024-11-30T15:47:27 IST" name="demoo" finished-at="2024-11-30T15:47:27 IST" duration-ms="23" status="PASS">
          <reporter-output>
          </reporter-output>
        </test-method> <!-- demoo -->
      </class> <!-- javaa.ps1 -->
    </test> <!-- Default test -->
  </suite> <!-- Default suite -->
</testng-results>
